Unexpected button text found: "MenuTech CareersCareer ResourcesMohammad YousafCancelMenuTech CareersCareer ResourcesMohammad YousafMenuTech CareersCareer ResourcesMohammad Yousaf" for job ID: f903aef8-2e4a-4707-b99f-9f9d435c4687
Unexpected button text found: "MenuTech CareersCareer ResourcesMohammad YousafCancelMenuTech CareersCareer ResourcesMohammad YousafMenuTech CareersCareer ResourcesMohammad Yousaf" for job ID: f903aef8-2e4a-4707-b99f-9f9d435c4687
Unexpected button text found: "Continue to profileContinueCloseOkImprove ProfileMenuTech CareersCareer ResourcesMohammad YousafMenuTech CareersCareer ResourcesMohammad YousafContinue to profileContinueCloseOkImprove Profile" for job ID: 2bc9ef5b-7a2e-42b0-bd3f-9be86862ccbf
Unexpected button text found: "MenuTech CareersCareer ResourcesMohammad YousafCancelMenuTech CareersCareer ResourcesMohammad YousafMenuTech CareersCareer ResourcesMohammad Yousaf" for job ID: 038414b4-9a2b-4714-aba6-33578545e134
Unexpected button text found: "MenuTech CareersCareer ResourcesMohammad YousafCancelMenuTech CareersCareer ResourcesMohammad YousafMenuTech CareersCareer ResourcesMohammad Yousaf" for job ID: f903aef8-2e4a-4707-b99f-9f9d435c4687
Unexpected button text found: "MenuTech CareersCareer ResourcesMohammad YousafCancelMenuTech CareersCareer ResourcesMohammad YousafMenuTech CareersCareer ResourcesMohammad Yousaf" for job ID: 0031f691-dc2e-45f5-b38b-5b693ed056d5
Unexpected button text found: "MenuTech CareersCareer ResourcesMohammad YousafCancelMenuTech CareersCareer ResourcesMohammad YousafMenuTech CareersCareer ResourcesMohammad Yousaf" for job ID: 2bc9ef5b-7a2e-42b0-bd3f-9be86862ccbf
Unexpected button text found: "MenuTech CareersCareer ResourcesMohammad YousafCancelMenuTech CareersCareer ResourcesMohammad YousafMenuTech CareersCareer ResourcesMohammad Yousaf" for job ID: 038414b4-9a2b-4714-aba6-33578545e134
Unexpected button text found: "MenuTech CareersCareer ResourcesMohammad YousafCancelMenuTech CareersCareer ResourcesMohammad YousafMenuTech CareersCareer ResourcesMohammad Yousaf" for job ID: 48260240-b8aa-45e8-9c82-00c8dd1d3e62
Unexpected button text found: "MenuTech CareersCareer ResourcesMohammad YousafCancelMenuTech CareersCareer ResourcesMohammad YousafMenuTech CareersCareer ResourcesMohammad Yousaf" for job ID: 6d32aae2-8761-46d8-abec-532797281d77
Unexpected button text found: "MenuTech CareersCareer ResourcesMohammad YousafCancelMenuTech CareersCareer ResourcesMohammad YousafMenuTech CareersCareer ResourcesMohammad Yousaf" for job ID: acaba7bb-f769-445a-9c63-a1233212e554
Unexpected button text found: "MenuTech CareersCareer ResourcesMohammad YousafCancelMenuTech CareersCareer ResourcesMohammad Yousaf" for job ID: e7d486ec-6b7a-4c2a-9fe0-a4c1ed6c5043
Unexpected button text found: "MenuTech CareersCareer ResourcesMohammad YousafCancelMenuTech CareersCareer ResourcesMohammad Yousaf" for job ID: 12d24882-6604-48bb-927e-3fea2f673812
Unexpected button text found: "MenuTech CareersCareer ResourcesMohammad YousafCancelMenuTech CareersCareer ResourcesMohammad YousafMenuTech CareersCareer ResourcesMohammad Yousaf" for job ID: 95d12bab-fbe9-4d76-8975-edbbdd471e19
Unexpected button text found: "MenuTech CareersCareer ResourcesMohammad YousafCancelMenuTech CareersCareer ResourcesMohammad YousafMenuTech CareersCareer ResourcesMohammad Yousaf" for job ID: 227fc84d-2f7b-40f9-95c6-740b1023e8ba
Unexpected button text found: "MenuTech CareersCareer ResourcesMohammad YousafCancelMenuTech CareersCareer ResourcesMohammad YousafMenuTech CareersCareer ResourcesMohammad Yousaf" for job ID: 90f3a260-c518-4da2-8f68-4c5ccb58607e
Unexpected button text found: "MenuTech CareersCareer ResourcesMohammad YousafCancelMenuTech CareersCareer ResourcesMohammad YousafMenuTech CareersCareer ResourcesMohammad Yousaf" for job ID: f77bb62d-f4e5-47c0-86f8-9468c22b412a
Unexpected button text found: "MenuTech CareersCareer ResourcesMohammad YousafCancelMenuTech CareersCareer ResourcesMohammad YousafMenuTech CareersCareer ResourcesMohammad Yousaf" for job ID: 7a2c9a59-3cc1-4e11-903c-a1889f7b642b
Unexpected button text found: "MenuTech CareersCareer ResourcesMohammad YousafCancelMenuTech CareersCareer ResourcesMohammad YousafMenuTech CareersCareer ResourcesMohammad Yousaf" for job ID: cf319ac6-180a-4ced-ab1c-a22ae1173406
Unexpected button text found: "MenuTech CareersCareer ResourcesMohammad YousafCancelMenuTech CareersCareer ResourcesMohammad YousafMenuTech CareersCareer ResourcesMohammad Yousaf" for job ID: 27978548-41ff-4753-b359-233a58c2991a
Unexpected button text found: "MenuTech CareersCareer ResourcesMohammad YousafCancelMenuTech CareersCareer ResourcesMohammad YousafMenuTech CareersCareer ResourcesMohammad Yousaf" for job ID: 0859ae85-119b-4a80-addf-80c73a451556
Unexpected button text found: "MenuTech CareersCareer ResourcesMohammad YousafCancelMenuTech CareersCareer ResourcesMohammad YousafMenuTech CareersCareer ResourcesMohammad Yousaf" for job ID: f02c5a3d-7e4b-4bf8-a03d-c4ca8e6a98f7
Unexpected button text found: "MenuTech CareersCareer ResourcesMohammad YousafCancelMenuTech CareersCareer ResourcesMohammad YousafMenuTech CareersCareer ResourcesMohammad Yousaf" for job ID: c7563243-e8e3-4768-a4f5-11f6a4083e24
Unexpected button text found: "MenuTech CareersCareer ResourcesMohammad Yousaf" for job ID: undefined
Unexpected button text found: "MenuTech CareersCareer ResourcesMohammad YousafApply nowCancelMenuTech CareersCareer ResourcesMohammad YousafMenuTech CareersCareer ResourcesMohammad Yousaf" for job ID: fdee40fe-7d5e-460f-be26-8e10eb4be541
Unexpected button text found: "MenuTech CareersCareer ResourcesMohammad YousafApply nowCancelMenuTech CareersCareer ResourcesMohammad YousafMenuTech CareersCareer ResourcesMohammad Yousaf" for job ID: 9562cfa7-2a8a-4481-9e9a-4f6110168362
Unexpected button text found: "MenuTech CareersCareer ResourcesMohammad YousafApply nowCancelMenuTech CareersCareer ResourcesMohammad YousafMenuTech CareersCareer ResourcesMohammad Yousaf" for job ID: fdee40fe-7d5e-460f-be26-8e10eb4be541
Unexpected button text found: "MenuTech CareersCareer ResourcesMohammad YousafCancelMenuTech CareersCareer ResourcesMohammad YousafMenuTech CareersCareer ResourcesMohammad Yousaf" for job ID: fdee40fe-7d5e-460f-be26-8e10eb4be541
Unexpected button text found: "MenuTech CareersCareer ResourcesMohammad YousafCancelMenuTech CareersCareer ResourcesMohammad YousafMenuTech CareersCareer ResourcesMohammad Yousaf" for job ID: 9562cfa7-2a8a-4481-9e9a-4f6110168362
Unexpected button text found: "MenuTech CareersCareer ResourcesMohammad YousafCancelMenuTech CareersCareer ResourcesMohammad YousafMenuTech CareersCareer ResourcesMohammad Yousaf" for job ID: 45341ef1-dd6b-45c6-abe2-f901f9bf6547
Unexpected button text found: "MenuTech CareersCareer ResourcesMohammad YousafCancelMenuTech CareersCareer ResourcesMohammad YousafMenuTech CareersCareer ResourcesMohammad Yousaf" for job ID: 76ba5d09-da23-4d5d-9e62-a3463d684c71
Unexpected button text found: "MenuTech CareersCareer ResourcesMohammad YousafCancelMenuTech CareersCareer ResourcesMohammad YousafMenuTech CareersCareer ResourcesMohammad Yousaf" for job ID: e042b448-cad3-40ab-bea8-cd244a5f411d
Unexpected button text found: "MenuTech CareersCareer ResourcesMohammad YousafCancelMenuTech CareersCareer ResourcesMohammad YousafMenuTech CareersCareer ResourcesMohammad Yousaf" for job ID: 32df233a-7bc0-470d-a2f9-89af44788292
Unexpected button text found: "MenuTech CareersCareer ResourcesMohammad YousafCancelMenuTech CareersCareer ResourcesMohammad YousafMenuTech CareersCareer ResourcesMohammad Yousaf" for job ID: efdb8ead-16ed-4d72-80ce-dff42cc33459
Unexpected button text found: "Cancel" for job ID: 56e1cf48-0b11-48fd-bf47-4f12177616f8
Unexpected button text found: "Cancel" for job ID: 77175748-69fc-4cb3-b898-da43595d1fba
2024-07-16 23:09:15 Unexpected button text found: "MenuTech CareersCareer ResourcesMohammad YousafApply nowCancelMenuTech CareersCareer ResourcesMohammad YousafMenuTech CareersCareer ResourcesMohammad Yousaf" for job ID: 92503e01-5941-4165-b6bd-a6d57474d25a
2024-07-16 23:09:51 Unexpected button text found: "MenuTech CareersCareer ResourcesMohammad YousafApply nowCancelMenuTech CareersCareer ResourcesMohammad YousafMenuTech CareersCareer ResourcesMohammad Yousaf" for job ID: 92503e01-5941-4165-b6bd-a6d57474d25a
2024-07-16 23:09:51 Unexpected button text found: "MenuTech CareersCareer ResourcesMohammad YousafApply nowCancelMenuTech CareersCareer ResourcesMohammad YousafMenuTech CareersCareer ResourcesMohammad Yousaf" for job ID: fc7e54ed-0dc2-4228-bc8f-690813690a89
2024-07-16 23:11:34 Unexpected button text found: "MenuTech CareersCareer ResourcesMohammad YousafApply nowCancelMenuTech CareersCareer ResourcesMohammad YousafMenuTech CareersCareer ResourcesMohammad Yousaf" for job ID: 92503e01-5941-4165-b6bd-a6d57474d25a
2024-07-16 23:12:44 Unexpected button text found: "MenuTech CareersCareer ResourcesMohammad YousafApply nowCancelMenuTech CareersCareer ResourcesMohammad YousafMenuTech CareersCareer ResourcesMohammad Yousaf" for job ID: 92503e01-5941-4165-b6bd-a6d57474d25a
2024-07-16 23:12:44 Unexpected button text found: "MenuTech CareersCareer ResourcesMohammad YousafApply nowCancelMenuTech CareersCareer ResourcesMohammad YousafMenuTech CareersCareer ResourcesMohammad Yousaf" for job ID: fc7e54ed-0dc2-4228-bc8f-690813690a89
2024-07-16 23:14:53 Unexpected button text found: "MenuTech CareersCareer ResourcesMohammad YousafCancelMenuTech CareersCareer ResourcesMohammad YousafMenuTech CareersCareer ResourcesMohammad Yousaf" for job ID: e3002b26-b5f3-4597-b641-97243b382429
2024-07-16 23:14:53 Unexpected button text found: "MenuTech CareersCareer ResourcesMohammad YousafCancelMenuTech CareersCareer ResourcesMohammad Yousaf" for job ID: f58f4452-2e18-4887-b4c4-09c03a9bfc0b
2024-07-16 23:14:53 Unexpected button text found: "MenuTech CareersCareer ResourcesMohammad YousafCancelMenuTech CareersCareer ResourcesMohammad YousafMenuTech CareersCareer ResourcesMohammad Yousaf" for job ID: a68491a6-048d-49e7-b802-3f5b50b59e94
2024-07-16 23:14:53 Unexpected button text found: "MenuTech CareersCareer ResourcesMohammad YousafCancelMenuTech CareersCareer ResourcesMohammad YousafMenuTech CareersCareer ResourcesMohammad Yousaf" for job ID: 612b7e26-be5c-42c4-80fe-0dc8af4dd1ee
2024-07-16 23:14:53 Unexpected button text found: "MenuTech CareersCareer ResourcesMohammad YousafCancelMenuTech CareersCareer ResourcesMohammad YousafMenuTech CareersCareer ResourcesMohammad Yousaf" for job ID: bd5da1b1-2d9f-4e07-903c-5648bed8a788
2024-07-16 23:14:53 Unexpected button text found: "MenuTech CareersCareer ResourcesMohammad YousafCancelMenuTech CareersCareer ResourcesMohammad YousafMenuTech CareersCareer ResourcesMohammad Yousaf" for job ID: c87279f3-b14d-4801-b664-ccd5ba8d8a66
2024-07-16 23:14:53 Unexpected button text found: "MenuTech CareersCareer ResourcesMohammad YousafCancelMenuTech CareersCareer ResourcesMohammad YousafMenuTech CareersCareer ResourcesMohammad Yousaf" for job ID: 34599889-0efb-4fcf-a9c6-1b0010d75bf1
2024-07-16 23:14:53 Unexpected button text found: "MenuTech CareersCareer ResourcesMohammad YousafCancelMenuTech CareersCareer ResourcesMohammad YousafMenuTech CareersCareer ResourcesMohammad Yousaf" for job ID: 329d2ac7-c8ef-4e53-9116-b1f56b6a1b05
2024-07-16 23:14:53 Unexpected button text found: "Cancel" for job ID: d0a41760-4c8d-4bcb-b7dd-4b384ac3faeb
2024-07-16 23:14:53 Unexpected button text found: "Cancel" for job ID: 7ffcd28d-5927-4faf-9ba0-644359e0e569
2024-07-16 23:33:59 Unexpected button text found: "MenuTech CareersCareer ResourcesMohammad YousafCancelMenuTech CareersCareer ResourcesMohammad YousafMenuTech CareersCareer ResourcesMohammad Yousaf" for job ID: 0b48ec74-26ae-4205-a316-642a0492bdfe
2024-07-16 23:33:59 Unexpected button text found: "MenuTech CareersCareer ResourcesMohammad YousafCancelMenuTech CareersCareer ResourcesMohammad YousafMenuTech CareersCareer ResourcesMohammad Yousaf" for job ID: fc7e54ed-0dc2-4228-bc8f-690813690a89
2024-07-16 23:33:59 Unexpected button text found: "MenuTech CareersCareer ResourcesMohammad YousafCancelMenuTech CareersCareer ResourcesMohammad YousafMenuTech CareersCareer ResourcesMohammad Yousaf" for job ID: 92503e01-5941-4165-b6bd-a6d57474d25a
2024-07-16 23:33:59 Unexpected button text found: "MenuTech CareersCareer ResourcesMohammad YousafCancelMenuTech CareersCareer ResourcesMohammad YousafMenuTech CareersCareer ResourcesMohammad Yousaf" for job ID: bda833d7-c915-47dd-be7f-b23b8dbce7bf
2024-07-16 23:33:59 Unexpected button text found: "MenuTech CareersCareer ResourcesMohammad YousafCancelMenuTech CareersCareer ResourcesMohammad YousafMenuTech CareersCareer ResourcesMohammad Yousaf" for job ID: 0c3ed14b-c427-47b6-ab71-c1fd5654f80d
2024-07-16 23:33:59 Unexpected button text found: "MenuTech CareersCareer ResourcesMohammad YousafCancelMenuTech CareersCareer ResourcesMohammad YousafMenuTech CareersCareer ResourcesMohammad Yousaf" for job ID: 50a89fd4-371d-4f8e-a59a-9de0ae294893
2024-07-16 23:33:59 Unexpected button text found: "MenuTech CareersCareer ResourcesMohammad YousafCancelMenuTech CareersCareer ResourcesMohammad YousafMenuTech CareersCareer ResourcesMohammad Yousaf" for job ID: a28f7186-a969-4d36-855d-a6c02e64a448
2024-07-16 23:33:59 Unexpected button text found: "MenuTech CareersCareer ResourcesMohammad YousafCancelMenuTech CareersCareer ResourcesMohammad YousafMenuTech CareersCareer ResourcesMohammad Yousaf" for job ID: a8bffa67-3785-4ecc-8f58-18387e9e6459
2024-07-16 23:33:59 Unexpected button text found: "MenuTech CareersCareer ResourcesMohammad YousafCancelMenuTech CareersCareer ResourcesMohammad YousafMenuTech CareersCareer ResourcesMohammad Yousaf" for job ID: 2ecaeb5a-2f17-4921-9121-56eef4da0b0b
2024-07-16 23:33:59 Unexpected button text found: "MenuTech CareersCareer ResourcesMohammad YousafCancelMenuTech CareersCareer ResourcesMohammad YousafMenuTech CareersCareer ResourcesMohammad Yousaf" for job ID: 99a923eb-6125-457c-a14c-b8ced966c550
2024-07-16 23:33:59 Unexpected button text found: "MenuTech CareersCareer ResourcesMohammad YousafCancelMenuTech CareersCareer ResourcesMohammad YousafMenuTech CareersCareer ResourcesMohammad Yousaf" for job ID: 735e8f53-3c5a-42e5-8da7-8c92dc7218a3
2024-07-16 23:33:59 Unexpected button text found: "MenuTech CareersCareer ResourcesMohammad YousafCancelMenuTech CareersCareer ResourcesMohammad YousafMenuTech CareersCareer ResourcesMohammad Yousaf" for job ID: 56d45837-5481-4a43-a76a-e84f7c3d507f
2024-07-16 23:33:59 Unexpected button text found: "MenuTech CareersCareer ResourcesMohammad YousafCancelMenuTech CareersCareer ResourcesMohammad YousafMenuTech CareersCareer ResourcesMohammad Yousaf" for job ID: d3d3db43-7ce3-48bb-86a5-c0ff97f7fe95
2024-07-16 23:33:59 Unexpected button text found: "MenuTech CareersCareer ResourcesMohammad YousafCancelMenuTech CareersCareer ResourcesMohammad YousafMenuTech CareersCareer ResourcesMohammad Yousaf" for job ID: 67c0ad2b-bb13-4ea2-9e37-08f7dd03fa0a
2024-07-17 19:11:07 Unexpected button text found: "MenuTech CareersCareer ResourcesMohammad YousafCancelMenuTech CareersCareer ResourcesMohammad YousafMenuTech CareersCareer ResourcesMohammad Yousaf" for job ID: 92503e01-5941-4165-b6bd-a6d57474d25a
2024-07-17 19:11:07 Unexpected button text found: "MenuTech CareersCareer ResourcesMohammad YousafCancelMenuTech CareersCareer ResourcesMohammad YousafMenuTech CareersCareer ResourcesMohammad Yousaf" for job ID: fc7e54ed-0dc2-4228-bc8f-690813690a89
2024-07-17 19:11:07 Unexpected button text found: "MenuTech CareersCareer ResourcesMohammad YousafCancelMenuTech CareersCareer ResourcesMohammad YousafMenuTech CareersCareer ResourcesMohammad Yousaf" for job ID: bda833d7-c915-47dd-be7f-b23b8dbce7bf
2024-07-17 19:11:07 Unexpected button text found: "MenuTech CareersCareer ResourcesMohammad YousafCancelMenuTech CareersCareer ResourcesMohammad YousafMenuTech CareersCareer ResourcesMohammad Yousaf" for job ID: 42e9a5ee-785d-4bcb-b109-6cb6a66ec9c8
2024-07-17 19:11:07 Unexpected button text found: "MenuTech CareersCareer ResourcesMohammad YousafCancelMenuTech CareersCareer ResourcesMohammad YousafMenuTech CareersCareer ResourcesMohammad Yousaf" for job ID: 735e8f53-3c5a-42e5-8da7-8c92dc7218a3
2024-07-17 19:11:07 Unexpected button text found: "MenuTech CareersCareer ResourcesMohammad YousafCancelMenuTech CareersCareer ResourcesMohammad YousafMenuTech CareersCareer ResourcesMohammad Yousaf" for job ID: a28f7186-a969-4d36-855d-a6c02e64a448
2024-07-17 19:11:07 Unexpected button text found: "MenuTech CareersCareer ResourcesMohammad YousafCancelMenuTech CareersCareer ResourcesMohammad YousafMenuTech CareersCareer ResourcesMohammad Yousaf" for job ID: 99a923eb-6125-457c-a14c-b8ced966c550
2024-07-17 19:23:46 Unexpected button text found: "MenuTech CareersCareer ResourcesMohammad YousafCancelMenuTech CareersCareer ResourcesMohammad Yousaf" for job ID: 234e506a-59ec-4eae-b421-66d49adf87d8
2024-07-17 19:23:46 Unexpected button text found: "MenuTech CareersCareer ResourcesMohammad YousafCancelMenuTech CareersCareer ResourcesMohammad YousafMenuTech CareersCareer ResourcesMohammad Yousaf" for job ID: 0b48ec74-26ae-4205-a316-642a0492bdfe
2024-07-17 19:23:46 Unexpected button text found: "MenuTech CareersCareer ResourcesMohammad YousafCancelMenuTech CareersCareer ResourcesMohammad YousafMenuTech CareersCareer ResourcesMohammad Yousaf" for job ID: d5722b6b-1901-43cb-b73e-e549858f378a
2024-07-17 19:23:46 Unexpected button text found: "MenuTech CareersCareer ResourcesMohammad YousafCancelMenuTech CareersCareer ResourcesMohammad YousafMenuTech CareersCareer ResourcesMohammad Yousaf" for job ID: 2a58a409-2d21-4c99-ab5a-63f9da04cddb
2024-07-17 19:55:11 - Unexpected button text found: "MenuTech CareersCareer ResourcesMohammad YousafApply nowCancelMenuTech CareersCareer ResourcesMohammad Yousaf" for job ID: 234e506a-59ec-4eae-b421-66d49adf87d8
2024-07-17 19:55:11 - Unexpected button text found: "MenuTech CareersCareer ResourcesMohammad YousafApply nowCancelMenuTech CareersCareer ResourcesMohammad YousafMenuTech CareersCareer ResourcesMohammad Yousaf" for job ID: 0b48ec74-26ae-4205-a316-642a0492bdfe
2024-07-17 19:55:11 - Unexpected button text found: "MenuTech CareersCareer ResourcesMohammad YousafApply nowCancelMenuTech CareersCareer ResourcesMohammad YousafMenuTech CareersCareer ResourcesMohammad Yousaf" for job ID: d5722b6b-1901-43cb-b73e-e549858f378a
2024-07-17 19:55:11 - Unexpected button text found: "MenuTech CareersCareer ResourcesMohammad YousafApply nowCancelMenuTech CareersCareer ResourcesMohammad YousafMenuTech CareersCareer ResourcesMohammad Yousaf" for job ID: cfc4c0d5-89b4-4679-96d2-bf60c1c89653
2024-07-17 19:55:11 - Unexpected button text found: "MenuTech CareersCareer ResourcesMohammad YousafApply nowCancelMenuTech CareersCareer ResourcesMohammad YousafMenuTech CareersCareer ResourcesMohammad Yousaf" for job ID: 8e63fc5c-440b-4ab3-ad55-106a36ab485e
2024-07-17 19:55:11 - Unexpected button text found: "MenuTech CareersCareer ResourcesMohammad YousafApply nowCancelMenuTech CareersCareer ResourcesMohammad YousafMenuTech CareersCareer ResourcesMohammad Yousaf" for job ID: 2a58a409-2d21-4c99-ab5a-63f9da04cddb
2024-07-17 19:55:11 - Unexpected button text found: "MenuTech CareersCareer ResourcesMohammad YousafApply nowCancelMenuTech CareersCareer ResourcesMohammad YousafMenuTech CareersCareer ResourcesMohammad Yousaf" for job ID: 5fe637f8-e527-4c5e-adad-5f0b7b67cba6
2024-07-17 19:55:11 - Unexpected button text found: "MenuTech CareersCareer ResourcesMohammad YousafApply nowCancelMenuTech CareersCareer ResourcesMohammad YousafMenuTech CareersCareer ResourcesMohammad Yousaf" for job ID: f736f1a5-109d-471a-adbc-b02ed1bf68f6
2024-07-17 19:55:11 - Unexpected button text found: "MenuTech CareersCareer ResourcesMohammad YousafApply nowCancelMenuTech CareersCareer ResourcesMohammad YousafMenuTech CareersCareer ResourcesMohammad Yousaf" for job ID: 65b90c58-232d-4e53-af1e-b475ca3515a9
2024-07-17 19:55:11 - Unexpected button text found: "MenuTech CareersCareer ResourcesMohammad YousafApply nowCancelMenuTech CareersCareer ResourcesMohammad Yousaf" for job ID: 10826238-9d7e-4ff1-baaf-4f3674417776
2024-07-17 19:55:11 - Unexpected button text found: "MenuTech CareersCareer ResourcesMohammad YousafApply nowCancelMenuTech CareersCareer ResourcesMohammad YousafMenuTech CareersCareer ResourcesMohammad Yousaf" for job ID: f0c9a328-ca66-4eed-afe9-78a8f006549e
2024-07-17 19:55:11 - Unexpected button text found: "MenuTech CareersCareer ResourcesMohammad YousafApply nowCancelMenuTech CareersCareer ResourcesMohammad YousafMenuTech CareersCareer ResourcesMohammad Yousaf" for job ID: 57f9873e-2a7b-4cfa-89c9-739d0dcb0fb9
2024-07-17 19:55:11 - Unexpected button text found: "MenuTech CareersCareer ResourcesMohammad YousafApply nowCancelMenuTech CareersCareer ResourcesMohammad YousafMenuTech CareersCareer ResourcesMohammad Yousaf" for job ID: 3ed00ac5-316a-4d66-871e-fb1ac79c9efc
2024-07-17 19:55:11 - Unexpected button text found: "MenuTech CareersCareer ResourcesMohammad YousafApply nowCancelMenuTech CareersCareer ResourcesMohammad YousafMenuTech CareersCareer ResourcesMohammad Yousaf" for job ID: c9af09d7-a199-4888-bd36-ca7c51e390ce
2024-07-17 19:55:11 - Unexpected button text found: "MenuTech CareersCareer ResourcesMohammad YousafApply nowCancelMenuTech CareersCareer ResourcesMohammad YousafMenuTech CareersCareer ResourcesMohammad Yousaf" for job ID: c02f7874-bf4a-4a16-9ee9-c918562f9fc2
2024-07-17 19:55:11 - Unexpected button text found: "MenuTech CareersCareer ResourcesMohammad YousafApply nowCancelMenuTech CareersCareer ResourcesMohammad YousafMenuTech CareersCareer ResourcesMohammad Yousaf" for job ID: a28f7186-a969-4d36-855d-a6c02e64a448
2024-07-17 19:55:11 - Unexpected button text found: "MenuTech CareersCareer ResourcesMohammad YousafApply nowCancelMenuTech CareersCareer ResourcesMohammad YousafMenuTech CareersCareer ResourcesMohammad Yousaf" for job ID: 1c91298a-bf26-468b-a5f7-a92e45d6ea5c
2024-07-17 19:55:11 - Unexpected button text found: "MenuTech CareersCareer ResourcesMohammad YousafApply nowCancelMenuTech CareersCareer ResourcesMohammad YousafMenuTech CareersCareer ResourcesMohammad Yousaf" for job ID: 225f6fdf-9276-4667-8b90-b16eb580eed3
2024-07-17 19:55:11 - Unexpected button text found: "MenuTech CareersCareer ResourcesMohammad YousafApply nowCancelMenuTech CareersCareer ResourcesMohammad YousafMenuTech CareersCareer ResourcesMohammad Yousaf" for job ID: c73193a9-df98-44d0-b566-c3639f3f169b
2024-07-17 19:55:11 - Unexpected button text found: "MenuTech CareersCareer ResourcesMohammad YousafApply nowCancelMenuTech CareersCareer ResourcesMohammad YousafMenuTech CareersCareer ResourcesMohammad Yousaf" for job ID: bc09616d-9750-49bf-bcaa-9f1c5dbc07c6
2024-07-17 19:55:11 - Unexpected button text found: "MenuTech CareersCareer ResourcesMohammad YousafApply nowCancelMenuTech CareersCareer ResourcesMohammad YousafMenuTech CareersCareer ResourcesMohammad Yousaf" for job ID: 6fab2e69-70c4-48cf-a83a-caa974f89dcf
2024-07-17 19:55:11 - Unexpected button text found: "MenuTech CareersCareer ResourcesMohammad YousafApply nowCancelMenuTech CareersCareer ResourcesMohammad YousafMenuTech CareersCareer ResourcesMohammad Yousaf" for job ID: c4febd9b-9935-40ef-8fd3-e0d0a00a911e
2024-07-17 19:55:11 - Unexpected button text found: "MenuTech CareersCareer ResourcesMohammad YousafApply nowCancelMenuTech CareersCareer ResourcesMohammad YousafMenuTech CareersCareer ResourcesMohammad Yousaf" for job ID: 250f8ea7-c22d-4d4b-98b6-b20adc1400e3
2024-07-17 19:55:11 - Unexpected button text found: "MenuTech CareersCareer ResourcesMohammad YousafApply nowCancelMenuTech CareersCareer ResourcesMohammad YousafMenuTech CareersCareer ResourcesMohammad Yousaf" for job ID: 90f565ab-4c1a-4fb1-8e67-d93f6f3fa037
2024-07-17 19:55:11 - Unexpected button text found: "MenuTech CareersCareer ResourcesMohammad YousafApply nowCancelMenuTech CareersCareer ResourcesMohammad YousafMenuTech CareersCareer ResourcesMohammad Yousaf" for job ID: 1524c64f-bf62-42ae-a859-0bbeec802918
2024-07-17 19:55:11 - Unexpected button text found: "MenuTech CareersCareer ResourcesMohammad YousafApply nowCancelMenuTech CareersCareer ResourcesMohammad YousafMenuTech CareersCareer ResourcesMohammad Yousaf" for job ID: 0787772a-fe5d-48d7-a04d-755622175294
2024-07-17 19:55:11 - Unexpected button text found: "MenuTech CareersCareer ResourcesMohammad YousafApply nowCancelMenuTech CareersCareer ResourcesMohammad YousafMenuTech CareersCareer ResourcesMohammad Yousaf" for job ID: 78f21407-d918-4353-9434-09124382c276
2024-07-17 19:55:11 - Unexpected button text found: "MenuTech CareersCareer ResourcesMohammad YousafCancelMenuTech CareersCareer ResourcesMohammad YousafMenuTech CareersCareer ResourcesMohammad Yousaf" for job ID: a7f48462-1993-4528-a553-2e849b7f4175
2024-07-17 20:23:09 - Unexpected button text found: "MenuTech CareersCareer ResourcesMohammad YousafCancelMenuTech CareersCareer ResourcesMohammad YousafMenuTech CareersCareer ResourcesMohammad Yousaf" for job ID: 83dacf86-f3c0-44b6-bce3-bcfd3cdb62e7
2024-07-17 20:23:09 - Unexpected button text found: "MenuTech CareersCareer ResourcesMohammad YousafCancelMenuTech CareersCareer ResourcesMohammad YousafMenuTech CareersCareer ResourcesMohammad Yousaf" for job ID: 63cfbb1e-9b21-4e82-a66c-c072386a4ce9
2024-07-17 20:23:09 - Unexpected button text found: "MenuTech CareersCareer ResourcesMohammad YousafCancelMenuTech CareersCareer ResourcesMohammad YousafMenuTech CareersCareer ResourcesMohammad Yousaf" for job ID: e44da214-b9f9-448e-bb5e-f81241e8fb24
2024-07-17 20:23:09 - Unexpected button text found: "MenuTech CareersCareer ResourcesMohammad YousafCancelMenuTech CareersCareer ResourcesMohammad YousafMenuTech CareersCareer ResourcesMohammad Yousaf" for job ID: 6d4b3ce1-8841-4f45-b147-f97ef1f2ee32
2024-07-17 20:23:09 - Unexpected button text found: "MenuTech CareersCareer ResourcesMohammad YousafCancelMenuTech CareersCareer ResourcesMohammad YousafMenuTech CareersCareer ResourcesMohammad Yousaf" for job ID: 9633acf8-2020-475f-b553-f9ec270f94c5
2024-07-17 20:23:09 - Unexpected button text found: "MenuTech CareersCareer ResourcesMohammad YousafCancelMenuTech CareersCareer ResourcesMohammad YousafMenuTech CareersCareer ResourcesMohammad Yousaf" for job ID: 52ad8d35-16d2-4280-b911-02b29e9f5ad1
2024-07-17 20:23:09 - Unexpected button text found: "MenuTech CareersCareer ResourcesMohammad YousafCancelMenuTech CareersCareer ResourcesMohammad YousafMenuTech CareersCareer ResourcesMohammad Yousaf" for job ID: eb5f7073-7da7-4dd2-a1a8-2da9adc4145c
2024-07-17 20:23:09 - Unexpected button text found: "MenuTech CareersCareer ResourcesMohammad YousafCancelMenuTech CareersCareer ResourcesMohammad YousafMenuTech CareersCareer ResourcesMohammad Yousaf" for job ID: 230e8a49-4543-44eb-87a6-208d97ebf432
2024-07-17 20:23:09 - Unexpected button text found: "MenuTech CareersCareer ResourcesMohammad YousafCancelMenuTech CareersCareer ResourcesMohammad YousafMenuTech CareersCareer ResourcesMohammad Yousaf" for job ID: 66afcb1c-3a09-4878-ae65-9768c471063e
2024-07-17 20:23:09 - Unexpected button text found: "MenuTech CareersCareer ResourcesMohammad YousafCancelMenuTech CareersCareer ResourcesMohammad YousafMenuTech CareersCareer ResourcesMohammad Yousaf" for job ID: 4abc5dc4-3e36-4832-87c5-3aea501aacd5
2024-07-17 20:23:09 - Unexpected button text found: "MenuTech CareersCareer ResourcesMohammad YousafCancelMenuTech CareersCareer ResourcesMohammad YousafMenuTech CareersCareer ResourcesMohammad Yousaf" for job ID: 334a35b1-0420-4078-9185-dfdd987cc33f
2024-07-17 20:23:09 - Unexpected button text found: "MenuTech CareersCareer ResourcesMohammad YousafCancelMenuTech CareersCareer ResourcesMohammad YousafMenuTech CareersCareer ResourcesMohammad Yousaf" for job ID: 0ad08877-32ab-488b-90f1-d27a759337e4
2024-07-17 20:23:09 - Unexpected button text found: "MenuTech CareersCareer ResourcesMohammad YousafCancelMenuTech CareersCareer ResourcesMohammad YousafMenuTech CareersCareer ResourcesMohammad Yousaf" for job ID: de2033ba-e080-4be5-bb86-72f126f3bfaa
2024-07-17 20:23:09 - Unexpected button text found: "MenuTech CareersCareer ResourcesMohammad YousafCancelMenuTech CareersCareer ResourcesMohammad YousafMenuTech CareersCareer ResourcesMohammad Yousaf" for job ID: 9c55763a-1efb-42e6-a175-aa93ee816cae
2024-07-17 20:23:09 - Unexpected button text found: "MenuTech CareersCareer ResourcesMohammad YousafCancelMenuTech CareersCareer ResourcesMohammad YousafMenuTech CareersCareer ResourcesMohammad Yousaf" for job ID: ce95f03e-933a-4db8-8bb0-f93567e801aa
2024-07-17 20:23:09 - Unexpected button text found: "MenuTech CareersCareer ResourcesMohammad YousafCancelMenuTech CareersCareer ResourcesMohammad YousafMenuTech CareersCareer ResourcesMohammad Yousaf" for job ID: 059ba8b5-e1c1-402e-b0b7-c9a3e0d1b071
2024-07-17 20:45:31 - Unexpected button text found: "MenuTech CareersCareer ResourcesMohammad YousafCancelMenuTech CareersCareer ResourcesMohammad YousafMenuTech CareersCareer ResourcesMohammad Yousaf" for job ID: b4b94cd9-b7ec-49ed-8a68-c8e4978214b0
2024-07-17 20:45:31 - Unexpected button text found: "MenuTech CareersCareer ResourcesMohammad YousafCancelMenuTech CareersCareer ResourcesMohammad YousafMenuTech CareersCareer ResourcesMohammad Yousaf" for job ID: 7314f8df-35ca-40a1-b581-b651b0ec7eea
2024-07-17 20:45:31 - Unexpected button text found: "MenuTech CareersCareer ResourcesMohammad YousafCancelMenuTech CareersCareer ResourcesMohammad YousafMenuTech CareersCareer ResourcesMohammad Yousaf" for job ID: bcd6efa3-478a-4b92-9a0f-2de6cc5f026d
2024-07-17 20:45:31 - Unexpected button text found: "MenuTech CareersCareer ResourcesMohammad YousafCancelMenuTech CareersCareer ResourcesMohammad YousafMenuTech CareersCareer ResourcesMohammad Yousaf" for job ID: 7d41226b-9ce8-41ae-afa3-3e4c39d0e1bf
2024-07-17 20:45:31 - Unexpected button text found: "MenuTech CareersCareer ResourcesMohammad YousafCancelMenuTech CareersCareer ResourcesMohammad YousafMenuTech CareersCareer ResourcesMohammad Yousaf" for job ID: b195b23a-456e-4bfa-9e5b-731d45756023
2024-07-17 20:45:31 - Unexpected button text found: "MenuTech CareersCareer ResourcesMohammad YousafCancelMenuTech CareersCareer ResourcesMohammad YousafMenuTech CareersCareer ResourcesMohammad Yousaf" for job ID: 23ff182d-d752-4786-b9e6-358ac7ab303d
2024-07-17 20:45:31 - Unexpected button text found: "MenuTech CareersCareer ResourcesMohammad YousafCancelMenuTech CareersCareer ResourcesMohammad YousafMenuTech CareersCareer ResourcesMohammad Yousaf" for job ID: 243725bf-1216-429f-a640-98d6e6bdb341
2024-07-17 20:45:31 - Unexpected button text found: "MenuTech CareersCareer ResourcesMohammad YousafCancelMenuTech CareersCareer ResourcesMohammad YousafMenuTech CareersCareer ResourcesMohammad Yousaf" for job ID: ccb4178f-f7e7-461c-a27e-1714e979c2be
2024-07-17 20:45:31 - Unexpected button text found: "MenuTech CareersCareer ResourcesMohammad YousafCancelMenuTech CareersCareer ResourcesMohammad YousafMenuTech CareersCareer ResourcesMohammad Yousaf" for job ID: 5136c8d1-ada8-4be0-838b-6c6561fa2010
2024-07-17 20:45:31 - Unexpected button text found: "MenuTech CareersCareer ResourcesMohammad YousafCancelMenuTech CareersCareer ResourcesMohammad YousafMenuTech CareersCareer ResourcesMohammad Yousaf" for job ID: 3ee3801c-a64a-4788-bd85-73de520464c2
2024-07-17 20:45:31 - Unexpected button text found: "MenuTech CareersCareer ResourcesMohammad YousafCancelMenuTech CareersCareer ResourcesMohammad YousafMenuTech CareersCareer ResourcesMohammad Yousaf" for job ID: 5aa1737c-792f-4645-abe2-6cba3e9588e2
2024-07-17 20:45:31 - Unexpected button text found: "MenuTech CareersCareer ResourcesMohammad YousafCancelMenuTech CareersCareer ResourcesMohammad YousafMenuTech CareersCareer ResourcesMohammad Yousaf" for job ID: b3c6b96b-7a55-4561-bf14-23a5959240df
2024-07-17 22:55:19 - Unexpected button text found: "MenuTech CareersCareer ResourcesMohammad YousafCancelMenuTech CareersCareer ResourcesMohammad Yousaf" for job ID: d5722b6b-1901-43cb-b73e-e549858f378a
2024-07-17 22:55:19 - Unexpected button text found: "MenuTech CareersCareer ResourcesMohammad YousafCancelMenuTech CareersCareer ResourcesMohammad Yousaf" for job ID: 5a5eaa40-2db7-4b9c-8fc1-e7c53a1dee9b
2024-07-17 22:55:19 - Unexpected button text found: "MenuTech CareersCareer ResourcesMohammad YousafCancelMenuTech CareersCareer ResourcesMohammad YousafMenuTech CareersCareer ResourcesMohammad Yousaf" for job ID: f903aef8-2e4a-4707-b99f-9f9d435c4687
2024-07-17 22:55:19 - Unexpected button text found: "MenuTech CareersCareer ResourcesMohammad YousafCancelMenuTech CareersCareer ResourcesMohammad YousafMenuTech CareersCareer ResourcesMohammad Yousaf" for job ID: f971ebe3-5ba8-4eed-ad12-cfc320feb956
2024-07-17 22:55:19 - Unexpected button text found: "MenuTech CareersCareer ResourcesMohammad YousafCancelMenuTech CareersCareer ResourcesMohammad YousafMenuTech CareersCareer ResourcesMohammad Yousaf" for job ID: b4b94cd9-b7ec-49ed-8a68-c8e4978214b0
2024-07-17 22:55:19 - Unexpected button text found: "MenuTech CareersCareer ResourcesMohammad YousafCancelMenuTech CareersCareer ResourcesMohammad YousafMenuTech CareersCareer ResourcesMohammad Yousaf" for job ID: 7314f8df-35ca-40a1-b581-b651b0ec7eea
2024-07-17 22:55:19 - Unexpected button text found: "MenuTech CareersCareer ResourcesMohammad YousafCancelMenuTech CareersCareer ResourcesMohammad YousafMenuTech CareersCareer ResourcesMohammad Yousaf" for job ID: bcd6efa3-478a-4b92-9a0f-2de6cc5f026d
2024-07-17 22:55:19 - Unexpected button text found: "MenuTech CareersCareer ResourcesMohammad YousafCancelMenuTech CareersCareer ResourcesMohammad Yousaf" for job ID: eb0ca40c-0f43-4293-9051-54a5a01c6471
2024-07-17 22:55:19 - Unexpected button text found: "MenuTech CareersCareer ResourcesMohammad YousafCancelMenuTech CareersCareer ResourcesMohammad YousafMenuTech CareersCareer ResourcesMohammad Yousaf" for job ID: 304dd4f9-01e5-4268-a280-01dbcbb38a42
2024-07-17 22:55:19 - Unexpected button text found: "MenuTech CareersCareer ResourcesMohammad YousafCancelMenuTech CareersCareer ResourcesMohammad YousafMenuTech CareersCareer ResourcesMohammad Yousaf" for job ID: f3a6033d-3511-4251-8558-a8cf3af50f9d
2024-07-17 23:28:02 - Unexpected button text found: "MenuTech CareersCareer ResourcesMohammad YousafCancelMenuTech CareersCareer ResourcesMohammad YousafMenuTech CareersCareer ResourcesMohammad Yousaf" for job ID: 37aea5f6-bb48-4a7d-94c6-46e560d0d577
2024-07-17 23:28:02 - Unexpected button text found: "MenuTech CareersCareer ResourcesMohammad YousafCancelMenuTech CareersCareer ResourcesMohammad YousafMenuTech CareersCareer ResourcesMohammad Yousaf" for job ID: 1e16a1d1-d136-4723-ad90-11684d584dfa
2024-07-17 23:45:26 - Unexpected button text found: "Cancel" for job ID: af56919a-6ef1-4509-bdac-1e2b141fda2b
2024-07-17 23:45:26 - Unexpected button text found: "MenuTech CareersCareer ResourcesMohammad YousafCancelMenuTech CareersCareer ResourcesMohammad YousafMenuTech CareersCareer ResourcesMohammad Yousaf" for job ID: 9bed6edd-ad4e-4ce2-9483-12a8779133e7
2024-07-17 23:45:26 - Unexpected button text found: "MenuTech CareersCareer ResourcesMohammad YousafCancelMenuTech CareersCareer ResourcesMohammad YousafMenuTech CareersCareer ResourcesMohammad Yousaf" for job ID: 2f5eac96-2d1d-46ec-a125-3fba8573ab0a
2024-07-17 23:45:26 - Unexpected button text found: "MenuTech CareersCareer ResourcesMohammad YousafCancelMenuTech CareersCareer ResourcesMohammad YousafMenuTech CareersCareer ResourcesMohammad Yousaf" for job ID: 25b033a5-c4c5-4b4b-8277-9d4ba858e158
2024-07-17 23:45:26 - Unexpected button text found: "MenuTech CareersCareer ResourcesMohammad YousafCancelMenuTech CareersCareer ResourcesMohammad YousafMenuTech CareersCareer ResourcesMohammad Yousaf" for job ID: 770286f8-3218-40b4-9640-8459c0a57dd2
2024-07-17 23:45:26 - Unexpected button text found: "Cancel" for job ID: 37aea5f6-bb48-4a7d-94c6-46e560d0d577
2024-07-17 23:45:26 - Unexpected button text found: "Cancel" for job ID: 1e16a1d1-d136-4723-ad90-11684d584dfa
2024-07-17 23:45:26 - Unexpected button text found: "MenuTech CareersCareer ResourcesMohammad YousafCancelMenuTech CareersCareer ResourcesMohammad YousafMenuTech CareersCareer ResourcesMohammad Yousaf" for job ID: a19c46ae-2916-40dd-9dc4-14ba9d0e49ce
