Easy apply button found for job ID: 0031f691-dc2e-45f5-b38b-5b693ed056d5
Button with class '.seds-button.seds-button-primary.seds-button-medium' found for job ID: c76172ac-1495-4fe8-af34-048dbecdd5bc
Button with class '.seds-button.seds-button-primary.seds-button-medium' found for job ID: d991f630-6663-40e6-9db2-720546f78bdf
Easy apply button found for job ID: 0be0b49e-ef4f-46b3-85f2-f551c498b777
Button with class '.seds-button.seds-button-primary.seds-button-medium' found for job ID: a6376c79-562e-4de9-a72b-4c5ff7b4906b
Easy apply button found for job ID: ec9fc5be-de82-4498-8687-aaf4ed5c5b71
Easy apply button found for job ID: 4b4eb8a9-1315-4368-9348-d1bc6baec387
Easy apply button found for job ID: bd05f7ae-cdce-4f61-804d-405d179c08ee
Easy apply button found for job ID: cc0c9547-a98f-49b2-9202-70d1299eee4f
Easy apply button found for job ID: be54cf1c-f383-4f16-9c92-c29a7982d9ab
Easy apply button found for job ID: 3f44f965-ff67-493d-a1c7-16ca81169e45
Button with class '.seds-button.seds-button-primary.seds-button-medium' found for job ID: 600ed554-d71c-4a29-94af-c8aeee19398b
Easy apply button found for job ID: 33440cec-e978-48a0-88a2-bef668a0a303
Easy apply button found for job ID: fdee40fe-7d5e-460f-be26-8e10eb4be541
Job with ID fdee40fe-7d5e-460f-be26-8e10eb4be541 applied successfully.
Easy apply button found for job ID: 9562cfa7-2a8a-4481-9e9a-4f6110168362
Job with ID 9562cfa7-2a8a-4481-9e9a-4f6110168362 applied successfully.
Easy apply button found for job ID: 45341ef1-dd6b-45c6-abe2-f901f9bf6547
Job with ID 45341ef1-dd6b-45c6-abe2-f901f9bf6547 applied successfully.
Easy apply button found for job ID: 76ba5d09-da23-4d5d-9e62-a3463d684c71
Job with ID 76ba5d09-da23-4d5d-9e62-a3463d684c71 applied successfully.
Easy apply button found for job ID: f3587ac6-966b-4ec4-a70d-5a40fa9782d6
Job with ID f3587ac6-966b-4ec4-a70d-5a40fa9782d6 applied successfully.
Easy apply button found for job ID: 86345646-851f-475e-b87f-b8fc4ede950f
Job with ID 86345646-851f-475e-b87f-b8fc4ede950f applied successfully.
Already applied button found for job ID: d1e55de6-ac38-44e2-84d6-56c0b92413df
Already applied button found for job ID: 42394cd6-94c5-45dd-9d6c-981b6cd61ee1
Easy apply button found for job ID: ac228565-ab84-46b2-83da-92118070d044
Job with ID ac228565-ab84-46b2-83da-92118070d044 applied successfully.
Easy apply button found for job ID: 01e5315f-1a7e-4bbd-94b8-71c903a982ee
Job with ID 01e5315f-1a7e-4bbd-94b8-71c903a982ee applied successfully.
Easy apply button found for job ID: 73b4da21-9fe7-4f7c-a6fa-9f0c4ca969d9
Job with ID 73b4da21-9fe7-4f7c-a6fa-9f0c4ca969d9 applied successfully.
Already applied button found for job ID: 182fb105-8c71-4965-b391-2a8b4fc7d552
2024-07-16 23:14:53-Easy apply button found for job ID: 92503e01-5941-4165-b6bd-a6d57474d25a
2024-07-16 23:14:53-Job with ID 92503e01-5941-4165-b6bd-a6d57474d25a applied successfully.
2024-07-16 23:14:53-Easy apply button found for job ID: fc7e54ed-0dc2-4228-bc8f-690813690a89
2024-07-16 23:14:53-Job with ID fc7e54ed-0dc2-4228-bc8f-690813690a89 applied successfully.
2024-07-16 23:14:53-Easy apply button found for job ID: bda833d7-c915-47dd-be7f-b23b8dbce7bf
2024-07-16 23:14:53-Job with ID bda833d7-c915-47dd-be7f-b23b8dbce7bf applied successfully.
2024-07-16 23:14:53-Easy apply button found for job ID: 42e9a5ee-785d-4bcb-b109-6cb6a66ec9c8
2024-07-16 23:14:53-Job with ID 42e9a5ee-785d-4bcb-b109-6cb6a66ec9c8 applied successfully.
2024-07-16 23:14:53-Easy apply button found for job ID: 0c3ed14b-c427-47b6-ab71-c1fd5654f80d
2024-07-16 23:14:53-Job with ID 0c3ed14b-c427-47b6-ab71-c1fd5654f80d applied successfully.
2024-07-16 23:14:53-Easy apply button found for job ID: 735e8f53-3c5a-42e5-8da7-8c92dc7218a3
2024-07-16 23:14:53-Job with ID 735e8f53-3c5a-42e5-8da7-8c92dc7218a3 applied successfully.
2024-07-16 23:14:53-Easy apply button found for job ID: a28f7186-a969-4d36-855d-a6c02e64a448
2024-07-16 23:14:53-Job with ID a28f7186-a969-4d36-855d-a6c02e64a448 applied successfully.
2024-07-16 23:14:53-Easy apply button found for job ID: 99a923eb-6125-457c-a14c-b8ced966c550
2024-07-16 23:14:53-Job with ID 99a923eb-6125-457c-a14c-b8ced966c550 applied successfully.
2024-07-16 23:14:53-Easy apply button found for job ID: 67c0ad2b-bb13-4ea2-9e37-08f7dd03fa0a
2024-07-16 23:14:53-Job with ID 67c0ad2b-bb13-4ea2-9e37-08f7dd03fa0a applied successfully.
2024-07-16 23:14:53-Easy apply button found for job ID: f8b3fc4a-ba23-4240-a240-044712287b56
2024-07-16 23:14:53-Job with ID f8b3fc4a-ba23-4240-a240-044712287b56 applied successfully.
2024-07-16 23:14:53-Easy apply button found for job ID: a3324121-722e-4f36-a54d-218bd2fd485d
2024-07-16 23:14:53-Job with ID a3324121-722e-4f36-a54d-218bd2fd485d applied successfully.
2024-07-16 23:14:53-Easy apply button found for job ID: 9e16e8d6-edc8-4691-b673-99d2e390884c
2024-07-16 23:14:53-Job with ID 9e16e8d6-edc8-4691-b673-99d2e390884c applied successfully.
2024-07-16 23:14:53-Easy apply button found for job ID: dacaea0d-fe1d-451f-b661-06f58f144c13
2024-07-16 23:14:53-Job with ID dacaea0d-fe1d-451f-b661-06f58f144c13 applied successfully.
2024-07-16 23:14:53-Easy apply button found for job ID: e06de561-0ae5-4da4-8f6f-f9f72e8d2c04
2024-07-16 23:14:53-Job with ID e06de561-0ae5-4da4-8f6f-f9f72e8d2c04 applied successfully.
2024-07-16 23:14:53-Easy apply button found for job ID: d7961f86-26c9-4aa1-9863-fe5ffd662888
2024-07-16 23:14:53-Job with ID d7961f86-26c9-4aa1-9863-fe5ffd662888 applied successfully.
2024-07-16 23:33:59-Easy apply button found for job ID: d5722b6b-1901-43cb-b73e-e549858f378a
2024-07-16 23:33:59-Job with ID d5722b6b-1901-43cb-b73e-e549858f378a applied successfully.
2024-07-16 23:33:59-Easy apply button found for job ID: 5a5eaa40-2db7-4b9c-8fc1-e7c53a1dee9b
2024-07-16 23:33:59-Job with ID 5a5eaa40-2db7-4b9c-8fc1-e7c53a1dee9b applied successfully.
2024-07-16 23:33:59-Easy apply button found for job ID: c9af09d7-a199-4888-bd36-ca7c51e390ce
2024-07-16 23:33:59-Job with ID c9af09d7-a199-4888-bd36-ca7c51e390ce applied successfully.
2024-07-16 23:33:59-Easy apply button found for job ID: 1c91298a-bf26-468b-a5f7-a92e45d6ea5c
2024-07-16 23:33:59-Job with ID 1c91298a-bf26-468b-a5f7-a92e45d6ea5c applied successfully.
2024-07-16 23:33:59-Easy apply button found for job ID: 945e0838-d5c0-485f-8bf0-28eb0a451d3e
2024-07-16 23:33:59-Job with ID 945e0838-d5c0-485f-8bf0-28eb0a451d3e applied successfully.
2024-07-16 23:33:59-Easy apply button found for job ID: 7a513392-61f6-410d-bcc9-51d1e38df33a
2024-07-16 23:33:59-Job with ID 7a513392-61f6-410d-bcc9-51d1e38df33a applied successfully.
